<?xml version="1.0" encoding="UTF-8"?>
<testng-results skipped="0" failed="0" total="1" passed="1">
  <reporter-output>
  </reporter-output>
  <suite name="Default suite" duration-ms="36763" started-at="2017-05-08T02:47:49Z" finished-at="2017-05-08T02:48:26Z">
    <groups>
    </groups>
    <test name="Default test" duration-ms="36763" started-at="2017-05-08T02:47:49Z" finished-at="2017-05-08T02:48:26Z">
      <class name="TestCases.LoginTest">
        <test-method status="PASS" signature="setup()[pri:0, instance:TestCases.LoginTest@4ffdd6db]" name="setup" is-config="true" duration-ms="11819" started-at="2017-05-08T10:47:49Z" finished-at="2017-05-08T10:48:01Z">
          <reporter-output>
          </reporter-output>
        </test-method> <!-- setup -->
        <test-method status="PASS" signature="testlogin(org.w3c.dom.Document)[pri:0, instance:TestCases.LoginTest@4ffdd6db]" name="testlogin" duration-ms="24512" started-at="2017-05-08T10:48:01Z" data-provider="Test_xml_dataprovider" finished-at="2017-05-08T10:48:26Z">
          <params>
            <param index="0">
              <value>
                <![CDATA[[#document: null]]]>
              </value>
            </param>
          </params>
          <reporter-output>
          </reporter-output>
        </test-method> <!-- testlogin -->
        <test-method status="PASS" signature="teardown()[pri:0, instance:TestCases.LoginTest@4ffdd6db]" name="teardown" is-config="true" duration-ms="413" started-at="2017-05-08T10:48:26Z" finished-at="2017-05-08T10:48:26Z">
          <reporter-output>
          </reporter-output>
        </test-method> <!-- teardown -->
      </class> <!-- TestCases.LoginTest -->
    </test> <!-- Default test -->
  </suite> <!-- Default suite -->
</testng-results>
